июн. 03, 2023 9:45:04 AM Calculator.Factory.Factory makeCreators
INFO: Factory started.
июн. 03, 2023 9:45:04 AM Calculator.Factory.Factory makeCreators
INFO: Factory parser inited.
июн. 03, 2023 9:45:04 AM Calculator.Factory.Factory makeCreators
INFO: Factory reader inited.
июн. 03, 2023 9:45:04 AM Calculator.Factory.Factory makeCreators
INFO: Factory new creator made.
июн. 03, 2023 9:45:04 AM Calculator.Factory.Factory makeCreators
INFO: Factory new creator inited.
июн. 03, 2023 9:45:04 AM Calculator.Factory.Factory makeCreators
INFO: Factory new creator added.
июн. 03, 2023 9:45:04 AM Calculator.Factory.Factory makeCreators
INFO: Factory new creator made.
июн. 03, 2023 9:45:04 AM Calculator.Factory.Factory makeCreators
INFO: Factory new creator inited.
июн. 03, 2023 9:45:04 AM Calculator.Factory.Factory makeCreators
INFO: Factory new creator added.
июн. 03, 2023 9:45:04 AM Calculator.Factory.Factory makeCreators
INFO: Factory new creator made.
июн. 03, 2023 9:45:04 AM Calculator.Factory.Factory makeCreators
INFO: Factory new creator inited.
июн. 03, 2023 9:45:04 AM Calculator.Factory.Factory makeCreators
INFO: Factory new creator added.
июн. 03, 2023 9:45:04 AM Calculator.Factory.Factory makeCreators
INFO: Factory new creator made.
июн. 03, 2023 9:45:04 AM Calculator.Factory.Factory makeCreators
INFO: Factory new creator inited.
июн. 03, 2023 9:45:04 AM Calculator.Factory.Factory makeCreators
INFO: Factory new creator added.
июн. 03, 2023 9:45:04 AM Calculator.Factory.Factory makeCreators
INFO: Factory new creator made.
июн. 03, 2023 9:45:04 AM Calculator.Factory.Factory makeCreators
INFO: Factory new creator inited.
июн. 03, 2023 9:45:04 AM Calculator.Factory.Factory makeCreators
INFO: Factory new creator added.
июн. 03, 2023 9:45:04 AM Calculator.Factory.Factory makeCreators
INFO: Factory new creator made.
июн. 03, 2023 9:45:04 AM Calculator.Factory.Factory makeCreators
INFO: Factory new creator inited.
июн. 03, 2023 9:45:04 AM Calculator.Factory.Factory makeCreators
INFO: Factory new creator added.
июн. 03, 2023 9:45:04 AM Calculator.Factory.Factory makeCreators
INFO: Factory new creator made.
июн. 03, 2023 9:45:04 AM Calculator.Factory.Factory makeCreators
INFO: Factory new creator inited.
июн. 03, 2023 9:45:04 AM Calculator.Factory.Factory makeCreators
INFO: Factory new creator added.
июн. 03, 2023 9:45:04 AM Calculator.Factory.Factory makeCreators
INFO: Factory new creator made.
июн. 03, 2023 9:45:04 AM Calculator.Factory.Factory makeCreators
INFO: Factory new creator inited.
июн. 03, 2023 9:45:04 AM Calculator.Factory.Factory makeCreators
INFO: Factory new creator added.
июн. 03, 2023 9:45:04 AM Calculator.Factory.Factory makeCreators
INFO: Factory new creator made.
июн. 03, 2023 9:45:04 AM Calculator.Factory.Factory makeCreators
INFO: Factory new creator inited.
июн. 03, 2023 9:45:04 AM Calculator.Factory.Factory makeCreators
INFO: Factory new creator added.
июн. 03, 2023 9:45:04 AM Calculator.Core.Main main
INFO: Creators created.
июн. 03, 2023 9:45:04 AM Calculator.Core.Main main
INFO: Parser initialized.
июн. 03, 2023 9:45:04 AM Calculator.Core.Main main
INFO: Reader initialized from file.
июн. 03, 2023 9:45:04 AM Calculator.Core.Main main
INFO: New command string read.
июн. 03, 2023 9:45:04 AM Calculator.Core.Main main
INFO: String parsed into words.
июн. 03, 2023 9:45:04 AM Calculator.Core.Main main
INFO: Created operation instance.
июн. 03, 2023 9:45:04 AM Calculator.Core.Main main
INFO: Operation completed.
июн. 03, 2023 9:45:04 AM Calculator.Core.Main main
INFO: New command string read.
июн. 03, 2023 9:45:04 AM Calculator.Core.Main main
INFO: String parsed into words.
июн. 03, 2023 9:45:04 AM Calculator.Core.Main main
INFO: Created operation instance.
июн. 03, 2023 9:45:04 AM Calculator.Core.Main main
INFO: Operation completed.
июн. 03, 2023 9:45:04 AM Calculator.Core.Main main
INFO: New command string read.
июн. 03, 2023 9:45:04 AM Calculator.Core.Main main
INFO: String parsed into words.
июн. 03, 2023 9:45:04 AM Calculator.Core.Main main
INFO: Created operation instance.
июн. 03, 2023 9:45:04 AM Calculator.Core.Main main
INFO: Operation completed.
июн. 03, 2023 9:45:04 AM Calculator.Core.Main main
INFO: New command string read.
июн. 03, 2023 9:45:04 AM Calculator.Core.Main main
INFO: String parsed into words.
июн. 03, 2023 9:45:04 AM Calculator.Core.Main main
INFO: Created operation instance.
июн. 03, 2023 9:45:04 AM Calculator.Core.Main main
INFO: Operation completed.
июн. 03, 2023 9:45:04 AM Calculator.Core.Main main
INFO: New command string read.
июн. 03, 2023 9:45:04 AM Calculator.Core.Main main
INFO: String parsed into words.
июн. 03, 2023 9:45:04 AM Calculator.Core.Main main
INFO: Created operation instance.
июн. 03, 2023 9:45:04 AM Calculator.Core.Main main
INFO: Operation completed.
июн. 03, 2023 9:45:04 AM Calculator.Core.Main main
INFO: New command string read.
июн. 03, 2023 9:45:04 AM Calculator.Core.Main main
INFO: String parsed into words.
июн. 03, 2023 9:45:04 AM Calculator.Core.Main main
INFO: Created operation instance.
июн. 03, 2023 9:45:04 AM Calculator.Core.Main main
INFO: Operation completed.
июн. 03, 2023 9:45:04 AM Calculator.Core.Main main
INFO: New command string read.
июн. 03, 2023 9:45:04 AM Calculator.Core.Main main
INFO: Program completed.
